<?xml version="1.0" encoding="UTF-8"?>
<!-- Generated by org.testng.reporters.JUnitReportReporter -->
<testsuite skipped="0" hostname="DESKTOP-8BGKT56" name="com.ixigo.testcases.IxigoFlightSearchTest" tests="1" failures="0" timestamp="2021-05-03T16:08:05 IST" time="18.732" errors="0">
  <testcase name="Ixigo" time="18.732" classname="com.ixigo.testcases.IxigoFlightSearchTest"/>
  <system-out/>
</testsuite> <!-- com.ixigo.testcases.IxigoFlightSearchTest -->
